<?xml version="1.0" encoding="UTF-8"?><testrun name="SimpleRestTestGet" project="REST" tests="1" started="1" failures="0" errors="2" ignored="0">
  <testsuite name="com.amdocs.rest.test.SimpleRestTestGet" time="74.136">
    <testcase name="SimpleRestTestForGetMethod" classname="com.amdocs.rest.test.SimpleRestTestGet" time="74.136">
      <error>org.openqa.selenium.WebDriverException: Failed to connect to binary FirefoxBinary(C:\Program Files (x86)\Mozilla Firefox\firefox.exe) on port 7055; process output follows: 
@googlecode.com","e":false,"v":"2.45.0","st":1467290975874,"mt":1467290975852}},"app-system-defaults":{"e10srollout@mozilla.org":{"d":"C:\\Program Files (x86)\\Mozilla Firefox\\browser\\features\\e10srollout@mozilla.org.xpi","e":true,"v":"1.0","st":1466492658092},"firefox@getpocket.com":{"d":"C:\\Program Files (x86)\\Mozilla Firefox\\browser\\features\\firefox@getpocket.com.xpi","e":true,"v":"1.0.2","st":1466492657812},"loop@mozilla.org":{"d":"C:\\Program Files (x86)\\Mozilla Firefox\\browser\\features\\loop@mozilla.org.xpi","e":true,"v":"1.3.2","st":1466492657732}},"app-global":{"{972ce4c6-7e08-4474-a285-3208198ce6fd}":{"d":"C:\\Program Files (x86)\\Mozilla Firefox\\browser\\extensions\\{972ce4c6-7e08-4474-a285-3208198ce6fd}.xpi","e":true,"v":"47.0","st":1466492658102}},"winreg-app-global":{"otis@digitalpersona.com":{"d":"C:\\Program Files (x86)\\Hewlett-Packard\\HP ProtectTools Security Manager\\Bin\\FirefoxExt","e":false,"v":"5.0.0.5080","st":1346955070715,"mt":1332857310000}}}&#13;
1467291006954	addons.xpi	DEBUG	No changes found&#13;
1467291006965	addons.xpi	DEBUG	Registering manifest for C:\Program Files (x86)\Mozilla Firefox\browser\features\e10srollout@mozilla.org.xpi&#13;
1467291006966	addons.xpi	DEBUG	Loading bootstrap scope from C:\Program Files (x86)\Mozilla Firefox\browser\features\e10srollout@mozilla.org.xpi&#13;
1467291006984	addons.xpi	DEBUG	Calling bootstrap method startup on e10srollout@mozilla.org version 1.0&#13;
1467291006985	addons.xpi	DEBUG	Registering manifest for C:\Program Files (x86)\Mozilla Firefox\browser\features\firefox@getpocket.com.xpi&#13;
1467291006987	addons.xpi	DEBUG	Loading bootstrap scope from C:\Program Files (x86)\Mozilla Firefox\browser\features\firefox@getpocket.com.xpi&#13;
1467291006994	addons.xpi	DEBUG	Calling bootstrap method startup on firefox@getpocket.com version 1.0.2&#13;
1467291007005	addons.xpi-utils	DEBUG	Starting async load of XPI database d:\Users\vgyavur\AppData\Local\Temp\anonymous2418115178282146077webdriver-profile\extensions.json&#13;
1467291007006	addons.xpi	DEBUG	Registering manifest for C:\Program Files (x86)\Mozilla Firefox\browser\features\loop@mozilla.org.xpi&#13;
1467291007008	addons.xpi	DEBUG	Loading bootstrap scope from C:\Program Files (x86)\Mozilla Firefox\browser\features\loop@mozilla.org.xpi&#13;
1467291007017	addons.xpi	DEBUG	Calling bootstrap method startup on loop@mozilla.org version 1.3.2&#13;
1467291007048	addons.manager	DEBUG	Registering shutdown blocker for XPIProvider&#13;
1467291007049	addons.manager	DEBUG	Provider finished startup: XPIProvider&#13;
1467291007049	addons.manager	DEBUG	Starting provider: LightweightThemeManager&#13;
1467291007049	addons.manager	DEBUG	Registering shutdown blocker for LightweightThemeManager&#13;
1467291007049	addons.manager	DEBUG	Provider finished startup: LightweightThemeManager&#13;
1467291007050	addons.manager	DEBUG	Starting provider: GMPProvider&#13;
1467291007061	addons.manager	DEBUG	Registering shutdown blocker for GMPProvider&#13;
1467291007061	addons.manager	DEBUG	Provider finished startup: GMPProvider&#13;
1467291007061	addons.manager	DEBUG	Starting provider: PluginProvider&#13;
1467291007061	addons.manager	DEBUG	Registering shutdown blocker for PluginProvider&#13;
1467291007062	addons.manager	DEBUG	Provider finished startup: PluginProvider&#13;
1467291007063	addons.manager	DEBUG	Completed startup sequence&#13;
1467291007701	addons.xpi-utils	DEBUG	Async JSON file read took 0 MS&#13;
1467291007701	addons.xpi-utils	DEBUG	Finished async read of XPI database, parsing...&#13;
1467291007703	addons.xpi-utils	DEBUG	Successfully read XPI database&#13;
1467291007713	addons.manager	DEBUG	Starting provider: &lt;unnamed-provider&gt;&#13;
1467291007713	addons.manager	DEBUG	Registering shutdown blocker for &lt;unnamed-provider&gt;&#13;
1467291007713	addons.manager	DEBUG	Provider finished startup: &lt;unnamed-provider&gt;&#13;
*** Blocklist::_loadBlocklistFromFile: blocklist is disabled&#13;
1467291007859	addons.manager	DEBUG	Starting provider: PreviousExperimentProvider&#13;
1467291007859	addons.manager	DEBUG	Registering shutdown blocker for PreviousExperimentProvider&#13;
1467291007859	addons.manager	DEBUG	Provider finished startup: PreviousExperimentProvider&#13;

Build info: version: '2.45.0', revision: '5017cb8', time: '2015-02-26 23:59:50'
System info: host: 'BU-SO-VGYAVUR', ip: '10.217.62.38', os.name: 'Windows 7', os.arch: 'amd64', os.version: '6.1', java.version: '1.8.0_45'
Driver info: driver.version: FirefoxDriver&#13;
	at org.openqa.selenium.firefox.internal.NewProfileExtensionConnection.start(NewProfileExtensionConnection.java:130)&#13;
	at org.openqa.selenium.firefox.FirefoxDriver.startClient(FirefoxDriver.java:246)&#13;
	at org.openqa.selenium.remote.RemoteWebDriver.&lt;init&gt;(RemoteWebDriver.java:114)&#13;
	at org.openqa.selenium.firefox.FirefoxDriver.&lt;init&gt;(FirefoxDriver.java:193)&#13;
	at org.openqa.selenium.firefox.FirefoxDriver.&lt;init&gt;(FirefoxDriver.java:186)&#13;
	at org.openqa.selenium.firefox.FirefoxDriver.&lt;init&gt;(FirefoxDriver.java:182)&#13;
	at org.openqa.selenium.firefox.FirefoxDriver.&lt;init&gt;(FirefoxDriver.java:99)&#13;
	at com.amdocs.rest.utils.Browser.init(Browser.java:20)&#13;
	at com.amdocs.rest.test.SimpleRestTestGet.setup(SimpleRestTestGet.java:20)&#13;
	at sun.reflect.NativeMethodAccessorImpl.invoke0(Native Method)&#13;
	at sun.reflect.NativeMethodAccessorImpl.invoke(Unknown Source)&#13;
	at sun.reflect.DelegatingMethodAccessorImpl.invoke(Unknown Source)&#13;
	at java.lang.reflect.Method.invoke(Unknown Source)&#13;
	at org.junit.runners.model.FrameworkMethod$1.runReflectiveCall(FrameworkMethod.java:47)&#13;
	at org.junit.internal.runners.model.ReflectiveCallable.run(ReflectiveCallable.java:12)&#13;
	at org.junit.runners.model.FrameworkMethod.invokeExplosively(FrameworkMethod.java:44)&#13;
	at org.junit.internal.runners.statements.RunBefores.evaluate(RunBefores.java:24)&#13;
	at org.junit.internal.runners.statements.RunAfters.evaluate(RunAfters.java:27)&#13;
	at org.junit.runners.ParentRunner.runLeaf(ParentRunner.java:271)&#13;
	at org.junit.runners.BlockJUnit4ClassRunner.runChild(BlockJUnit4ClassRunner.java:70)&#13;
	at org.junit.runners.BlockJUnit4ClassRunner.runChild(BlockJUnit4ClassRunner.java:50)&#13;
	at org.junit.runners.ParentRunner$3.run(ParentRunner.java:238)&#13;
	at org.junit.runners.ParentRunner$1.schedule(ParentRunner.java:63)&#13;
	at org.junit.runners.ParentRunner.runChildren(ParentRunner.java:236)&#13;
	at org.junit.runners.ParentRunner.access$000(ParentRunner.java:53)&#13;
	at org.junit.runners.ParentRunner$2.evaluate(ParentRunner.java:229)&#13;
	at org.junit.runners.ParentRunner.run(ParentRunner.java:309)&#13;
	at org.eclipse.jdt.internal.junit4.runner.JUnit4TestReference.run(JUnit4TestReference.java:50)&#13;
	at org.eclipse.jdt.internal.junit.runner.TestExecution.run(TestExecution.java:38)&#13;
	at org.eclipse.jdt.internal.junit.runner.RemoteTestRunner.runTests(RemoteTestRunner.java:459)&#13;
	at org.eclipse.jdt.internal.junit.runner.RemoteTestRunner.runTests(RemoteTestRunner.java:675)&#13;
	at org.eclipse.jdt.internal.junit.runner.RemoteTestRunner.run(RemoteTestRunner.java:382)&#13;
	at org.eclipse.jdt.internal.junit.runner.RemoteTestRunner.main(RemoteTestRunner.java:192)&#13;
Caused by: org.openqa.selenium.firefox.NotConnectedException: Unable to connect to host 127.0.0.1 on port 7055 after 45000 ms. Firefox console output:
@googlecode.com","e":false,"v":"2.45.0","st":1467290975874,"mt":1467290975852}},"app-system-defaults":{"e10srollout@mozilla.org":{"d":"C:\\Program Files (x86)\\Mozilla Firefox\\browser\\features\\e10srollout@mozilla.org.xpi","e":true,"v":"1.0","st":1466492658092},"firefox@getpocket.com":{"d":"C:\\Program Files (x86)\\Mozilla Firefox\\browser\\features\\firefox@getpocket.com.xpi","e":true,"v":"1.0.2","st":1466492657812},"loop@mozilla.org":{"d":"C:\\Program Files (x86)\\Mozilla Firefox\\browser\\features\\loop@mozilla.org.xpi","e":true,"v":"1.3.2","st":1466492657732}},"app-global":{"{972ce4c6-7e08-4474-a285-3208198ce6fd}":{"d":"C:\\Program Files (x86)\\Mozilla Firefox\\browser\\extensions\\{972ce4c6-7e08-4474-a285-3208198ce6fd}.xpi","e":true,"v":"47.0","st":1466492658102}},"winreg-app-global":{"otis@digitalpersona.com":{"d":"C:\\Program Files (x86)\\Hewlett-Packard\\HP ProtectTools Security Manager\\Bin\\FirefoxExt","e":false,"v":"5.0.0.5080","st":1346955070715,"mt":1332857310000}}}&#13;
1467291006954	addons.xpi	DEBUG	No changes found&#13;
1467291006965	addons.xpi	DEBUG	Registering manifest for C:\Program Files (x86)\Mozilla Firefox\browser\features\e10srollout@mozilla.org.xpi&#13;
1467291006966	addons.xpi	DEBUG	Loading bootstrap scope from C:\Program Files (x86)\Mozilla Firefox\browser\features\e10srollout@mozilla.org.xpi&#13;
1467291006984	addons.xpi	DEBUG	Calling bootstrap method startup on e10srollout@mozilla.org version 1.0&#13;
1467291006985	addons.xpi	DEBUG	Registering manifest for C:\Program Files (x86)\Mozilla Firefox\browser\features\firefox@getpocket.com.xpi&#13;
1467291006987	addons.xpi	DEBUG	Loading bootstrap scope from C:\Program Files (x86)\Mozilla Firefox\browser\features\firefox@getpocket.com.xpi&#13;
1467291006994	addons.xpi	DEBUG	Calling bootstrap method startup on firefox@getpocket.com version 1.0.2&#13;
1467291007005	addons.xpi-utils	DEBUG	Starting async load of XPI database d:\Users\vgyavur\AppData\Local\Temp\anonymous2418115178282146077webdriver-profile\extensions.json&#13;
1467291007006	addons.xpi	DEBUG	Registering manifest for C:\Program Files (x86)\Mozilla Firefox\browser\features\loop@mozilla.org.xpi&#13;
1467291007008	addons.xpi	DEBUG	Loading bootstrap scope from C:\Program Files (x86)\Mozilla Firefox\browser\features\loop@mozilla.org.xpi&#13;
1467291007017	addons.xpi	DEBUG	Calling bootstrap method startup on loop@mozilla.org version 1.3.2&#13;
1467291007048	addons.manager	DEBUG	Registering shutdown blocker for XPIProvider&#13;
1467291007049	addons.manager	DEBUG	Provider finished startup: XPIProvider&#13;
1467291007049	addons.manager	DEBUG	Starting provider: LightweightThemeManager&#13;
1467291007049	addons.manager	DEBUG	Registering shutdown blocker for LightweightThemeManager&#13;
1467291007049	addons.manager	DEBUG	Provider finished startup: LightweightThemeManager&#13;
1467291007050	addons.manager	DEBUG	Starting provider: GMPProvider&#13;
1467291007061	addons.manager	DEBUG	Registering shutdown blocker for GMPProvider&#13;
1467291007061	addons.manager	DEBUG	Provider finished startup: GMPProvider&#13;
1467291007061	addons.manager	DEBUG	Starting provider: PluginProvider&#13;
1467291007061	addons.manager	DEBUG	Registering shutdown blocker for PluginProvider&#13;
1467291007062	addons.manager	DEBUG	Provider finished startup: PluginProvider&#13;
1467291007063	addons.manager	DEBUG	Completed startup sequence&#13;
1467291007701	addons.xpi-utils	DEBUG	Async JSON file read took 0 MS&#13;
1467291007701	addons.xpi-utils	DEBUG	Finished async read of XPI database, parsing...&#13;
1467291007703	addons.xpi-utils	DEBUG	Successfully read XPI database&#13;
1467291007713	addons.manager	DEBUG	Starting provider: &lt;unnamed-provider&gt;&#13;
1467291007713	addons.manager	DEBUG	Registering shutdown blocker for &lt;unnamed-provider&gt;&#13;
1467291007713	addons.manager	DEBUG	Provider finished startup: &lt;unnamed-provider&gt;&#13;
*** Blocklist::_loadBlocklistFromFile: blocklist is disabled&#13;
1467291007859	addons.manager	DEBUG	Starting provider: PreviousExperimentProvider&#13;
1467291007859	addons.manager	DEBUG	Registering shutdown blocker for PreviousExperimentProvider&#13;
1467291007859	addons.manager	DEBUG	Provider finished startup: PreviousExperimentProvider&#13;
&#13;
	at org.openqa.selenium.firefox.internal.NewProfileExtensionConnection.start(NewProfileExtensionConnection.java:118)&#13;
	... 32 more&#13;
&#13;
java.lang.NullPointerException&#13;
	at com.amdocs.rest.utils.Browser.quitBrowser(Browser.java:26)&#13;
	at com.amdocs.rest.test.SimpleRestTestGet.tearDown(SimpleRestTestGet.java:26)&#13;
	at sun.reflect.NativeMethodAccessorImpl.invoke0(Native Method)&#13;
	at sun.reflect.NativeMethodAccessorImpl.invoke(Unknown Source)&#13;
	at sun.reflect.DelegatingMethodAccessorImpl.invoke(Unknown Source)&#13;
	at java.lang.reflect.Method.invoke(Unknown Source)&#13;
	at org.junit.runners.model.FrameworkMethod$1.runReflectiveCall(FrameworkMethod.java:47)&#13;
	at org.junit.internal.runners.model.ReflectiveCallable.run(ReflectiveCallable.java:12)&#13;
	at org.junit.runners.model.FrameworkMethod.invokeExplosively(FrameworkMethod.java:44)&#13;
	at org.junit.internal.runners.statements.RunAfters.evaluate(RunAfters.java:33)&#13;
	at org.junit.runners.ParentRunner.runLeaf(ParentRunner.java:271)&#13;
	at org.junit.runners.BlockJUnit4ClassRunner.runChild(BlockJUnit4ClassRunner.java:70)&#13;
	at org.junit.runners.BlockJUnit4ClassRunner.runChild(BlockJUnit4ClassRunner.java:50)&#13;
	at org.junit.runners.ParentRunner$3.run(ParentRunner.java:238)&#13;
	at org.junit.runners.ParentRunner$1.schedule(ParentRunner.java:63)&#13;
	at org.junit.runners.ParentRunner.runChildren(ParentRunner.java:236)&#13;
	at org.junit.runners.ParentRunner.access$000(ParentRunner.java:53)&#13;
	at org.junit.runners.ParentRunner$2.evaluate(ParentRunner.java:229)&#13;
	at org.junit.runners.ParentRunner.run(ParentRunner.java:309)&#13;
	at org.eclipse.jdt.internal.junit4.runner.JUnit4TestReference.run(JUnit4TestReference.java:50)&#13;
	at org.eclipse.jdt.internal.junit.runner.TestExecution.run(TestExecution.java:38)&#13;
	at org.eclipse.jdt.internal.junit.runner.RemoteTestRunner.runTests(RemoteTestRunner.java:459)&#13;
	at org.eclipse.jdt.internal.junit.runner.RemoteTestRunner.runTests(RemoteTestRunner.java:675)&#13;
	at org.eclipse.jdt.internal.junit.runner.RemoteTestRunner.run(RemoteTestRunner.java:382)&#13;
	at org.eclipse.jdt.internal.junit.runner.RemoteTestRunner.main(RemoteTestRunner.java:192)&#13;
&#13;
</error>
    </testcase>
  </testsuite>
</testrun>
